Script started on 2023-03-07 19:36:00-05:00 [COMMAND="./run-assignment.sh 3" TERM="xterm-256color" TTY="/dev/pts/55" COLUMNS="80" LINES="24"]
[H[2J[3J
ASSIGNMENT 3 STARTED - Tue 07 Mar 2023 07:36:00 PM EST

Cleaning environment
----------------------------
rm -f assignment-3

Checking environment
----------------------------
4b02c9d49c0df28c2b349926e435fb10  ./run-assignment.sh
abee02c1b2b73576d4dc7fc1ee5fe915  assignment-3.c
Makefile: OK

Building environment
----------------------------
make all
make[1]: Entering directory '/home/norgera/3305/Assignment-3'
gcc -o assignment-3 assignment-3.c -Wall -Wpedantic -Wextra -std=gnu17
[01m[Kassignment-3.c:[m[K In function ‘[01m[Kmain[m[K’:
[01m[Kassignment-3.c:63:14:[m[K [01;35m[Kwarning: [m[Kunused parameter ‘[01m[Kargc[m[K’ [[01;35m[K]8;;https://gcc.gnu.org/onlinedocs/gcc/Warning-Options.html#index-Wunused-parameter-Wunused-parameter]8;;[m[K]
   63 | int main([01;35m[Kint argc[m[K, char *argv[]) {
      |          [01;35m[K~~~~^~~~[m[K
make[1]: Leaving directory '/home/norgera/3305/Assignment-3'

Assignment 3
----------------------------
./run-assignment.sh: line 34: 646994 Segmentation fault      (core dumped) ./assignment-${ASSIGNMENT}
./run-assignment.sh: line 35: 646999 Segmentation fault      (core dumped) ./assignment-${ASSIGNMENT} 10
local sum 0
local sum 0
local sum 0
local sum 0
local sum 0
local sum 0
local sum 0
local sum 0
local sum 0
local sum 0
global sum 36
local sum 0
global sum 0

real	0m0.001s
user	0m0.000s
sys	0m0.001s
local sum 0
local sum 0
local sum 0
local sum 0
local sum 0
global sum 0

real	0m0.001s
user	0m0.001s
sys	0m0.001s
local sum 0
global sum 0

real	0m0.001s
user	0m0.000s
sys	0m0.001s
local sum 0
local sum 0
local sum 0
local sum 0
local sum 0
local sum 0
local sum 0
local sum 0
local sum 0
local sum 0
local sum 0
local sum 0
local sum 0
local sum 0
local sum 0
local sum 0
local sum 0
local sum 0
local sum 0
local sum 0
local sum 0
local sum 0
local sum 0
local sum 0
local sum 0
local sum 0
local sum 0
local sum 0
local sum 0
local sum 0
local sum 0
local sum 0
local sum 0
local sum 0
local sum 0
local sum 0
local sum 0
local sum 0
local sum 0
local sum 0
local sum 0
local sum 0
local sum 0
local sum 0
local sum 0
local sum 0
local sum 0
local sum 0
local sum 0
local sum 0
global sum 0

real	0m0.004s
user	0m0.002s
sys	0m0.003s
./run-assignment.sh: line 51: 647201 Segmentation fault      (core dumped) ./assignment-${ASSIGNMENT} 1 1000000

real	0m0.327s
user	0m0.000s
sys	0m0.010s
./run-assignment.sh: line 54: 647226 Segmentation fault      (core dumped) ./assignment-${ASSIGNMENT} 50 1000000

real	0m0.356s
user	0m0.000s
sys	0m0.011s

Cleaning environment
----------------------------
rm -f assignment-3

ASSIGNMENT 3 COMPLETED - Tue 07 Mar 2023 07:36:26 PM EST

Script done on 2023-03-07 19:36:26-05:00 [COMMAND_EXIT_CODE="0"]
